<?xml version="1.0" encoding="UTF-8"?>
<!-- Generated by org.testng.reporters.JUnitReportReporter -->
<testsuite skipped="0" hostname="LAPTOP-M7E66H8V" name="Maven_May.MayMAven.Test_1" tests="2" failures="0" timestamp="2021-05-02T10:50:26 IST" time="0.012" errors="0">
  <testcase name="Test1" time="0.010" classname="Maven_May.MayMAven.Test_1"/>
  <system-out/>
  <testcase name="Test2" time="0.002" classname="Maven_May.MayMAven.Test_1"/>
  <system-out/>
</testsuite> <!-- Maven_May.MayMAven.Test_1 -->
