<?xml version="1.0" encoding="UTF-8"?>
<!-- Generated by org.testng.reporters.JUnitReportReporter -->
<testsuite skipped="0" hostname="LAPTOP-M7E66H8V" name="K_Assignment.Mail.Gmail_Test" tests="4" failures="0" timestamp="02 Jun 2021 12:24:56 GMT" time="93.599" errors="0">
  <testcase name="Verify_Login_Page" time="37.514" classname="K_Assignment.Mail.Gmail_Test"/>
  <testcase name="Verify_Compose_Page" time="9.567" classname="K_Assignment.Mail.Gmail_Test"/>
  <testcase name="Verify_MSg_Page" time="40.705" classname="K_Assignment.Mail.Gmail_Test"/>
  <testcase name="Verify_MsgBody_Page" time="5.813" classname="K_Assignment.Mail.Gmail_Test"/>
</testsuite> <!-- K_Assignment.Mail.Gmail_Test -->
