<?xml version="1.0" encoding="UTF-8"?>
<!-- Generated by org.testng.reporters.JUnitReportReporter -->
<testsuite skipped="0" hostname="LAPTOP-M7E66H8V" name="Maven_May.MayMAven.Test_1" tests="3" failures="0" timestamp="01 May 2021 11:20:26 GMT" time="5.148" errors="0">
  <testcase name="Test1" time="0.004" classname="Maven_May.MayMAven.Test_1"/>
  <testcase name="Test2" time="0.002" classname="Maven_May.MayMAven.Test_1"/>
  <testcase name="main" time="5.142" classname="Maven_May.MayMAven.Test_1"/>
</testsuite> <!-- Maven_May.MayMAven.Test_1 -->
