<?xml version="1.0" encoding="UTF-8"?>
<!-- Generated by org.testng.reporters.JUnitReportReporter -->
<testsuite skipped="0" hostname="LAPTOP-M7E66H8V" name="Maven_May.MayMAven.Test_1" tests="2" failures="0" timestamp="01 May 2021 09:56:00 GMT" time="0.023" errors="0">
  <testcase name="Test2" time="0.010" classname="Maven_May.MayMAven.Test_1"/>
  <testcase name="Test1" time="0.013" classname="Maven_May.MayMAven.Test_1"/>
</testsuite> <!-- Maven_May.MayMAven.Test_1 -->
