<?xml version="1.0" encoding="UTF-8"?>
<!-- Generated by org.testng.reporters.JUnitReportReporter -->
<testsuite skipped="0" hostname="LAPTOP-M7E66H8V" name="Maven_May.MayMAven.Class2" tests="1" failures="0" timestamp="01 May 2021 11:13:34 GMT" time="18.885" errors="0">
  <testcase name="main" time="18.885" classname="Maven_May.MayMAven.Class2"/>
</testsuite> <!-- Maven_May.MayMAven.Class2 -->
