<?xml version="1.0" encoding="UTF-8"?>
<!-- Generated by org.testng.reporters.JUnitReportReporter -->
<testsuite skipped="0" hostname="LAPTOP-M7E66H8V" name="Maven_May.MayMAven.Class2" tests="2" failures="0" timestamp="02 May 2021 05:28:55 GMT" time="0.016" errors="0">
  <testcase name="Test1" time="0.011" classname="Maven_May.MayMAven.Class2"/>
  <testcase name="Test2" time="0.005" classname="Maven_May.MayMAven.Class2"/>
</testsuite> <!-- Maven_May.MayMAven.Class2 -->
